<?xml version="1.0" encoding="UTF-8"?>
<!-- Generated by org.testng.reporters.JUnitXMLReporter -->
<testsuite ignored="0" hostname="LAPTOP-D9B72J2S" failures="0" tests="2" name="Default test" time="15.524" errors="0" timestamp="2022-07-12T09:59:13 IST">
  <testcase classname="parametersannotations.ParameterizationDataprovider" name="parametersTest" time="7.647"/>
  <testcase classname="parametersannotations.ParameterizationDataprovider" name="parametersTest" time="7.818"/>
</testsuite> <!-- Default test -->
