<?xml version="1.0" encoding="UTF-8"?>
<testng-results ignored="1" total="2" passed="1" failed="0" skipped="0">
  <reporter-output>
  </reporter-output>
  <suite started-at="2022-07-12T11:15:45 IST" name="TestSuite" finished-at="2022-07-12T11:15:45 IST" duration-ms="36">
    <groups>
      <group name="Sanity">
        <method signature="Class1.WebTest1()[pri:0, instance:Testnggroups.Class1@272ed83b]" name="WebTest1" class="Testnggroups.Class1"/>
      </group> <!-- Sanity -->
      <group name="Regression">
        <method signature="Class1.WebTest1()[pri:0, instance:Testnggroups.Class1@272ed83b]" name="WebTest1" class="Testnggroups.Class1"/>
      </group> <!-- Regression -->
    </groups>
    <test started-at="2022-07-12T11:15:45 IST" name="Test" finished-at="2022-07-12T11:15:45 IST" duration-ms="36">
      <class name="Testnggroups.Class1">
        <test-method signature="WebTest1()[pri:0, instance:Testnggroups.Class1@272ed83b]" started-at="2022-07-12T11:15:45 IST" name="WebTest1" finished-at="2022-07-12T11:15:45 IST" duration-ms="6" status="PASS">
          <reporter-output>
          </reporter-output>
        </test-method> <!-- WebTest1 -->
      </class> <!-- Testnggroups.Class1 -->
    </test> <!-- Test -->
  </suite> <!-- TestSuite -->
</testng-results>
